<?xml version="1.0" encoding="UTF-8" standalone="yes" ?>
<test-results name="C:\Users\devdi\Documents\Embarcadero\Studio\Projects\ProvaDelphiApp\src\bin\ProvaDelphiAppTest.exe" total="8" errors="0" failures="0" ignored="0" inconclusive="0" not-run="0" skipped="0" invalid="0" date="2021-03-15" time="0.003">
  <culture-info current-culture="en" current-uiculture="en" />
  <test-suite type="Assembly" name="ProvaDelphiAppTest.exe" executed="true" result="Success" success="True" time="0.003" asserts="0">
    <results>
        <test-suite type="Namespace" name="Test" executed="true" result="Success" success="True" time="0.003" asserts="0" >
          <results>
              <test-suite type="Fixture" name="TTestSPQuery" executed="True" result="Success" success="True" time="0.003" >
                <results>
                  <test-case name="TestListaParaString.Condicoes_vazias" executed="True" result="Success" success="True" time="0.000" asserts="0" />
                  <test-case name="TestListaParaString.Condicoes" executed="True" result="Success" success="True" time="0.000" asserts="0" />
                  <test-case name="TestListaParaString.Colunas" executed="True" result="Success" success="True" time="0.000" asserts="0" />
                  <test-case name="TestListaParaString.Colunas_vazias" executed="True" result="Success" success="True" time="0.000" asserts="0" />
                  <test-case name="TestValidarTabelas.Tabelas_vazias" executed="True" result="Success" success="True" time="0.000" asserts="0" />
                  <test-case name="TestValidarTabelas.Tabelas_1tabela" executed="True" result="Success" success="True" time="0.000" asserts="0" />
                  <test-case name="TestValidarTabelas.Tabelas_2tabela" executed="True" result="Success" success="True" time="0.000" asserts="0" />
                  <test-case name="TestGerarSQL" executed="True" result="Success" success="True" time="0.000" asserts="0" />
                </results>
              </test-suite>
          </results>
        </test-suite>
    </results>
  </test-suite>
</test-results>
